{"/Users/jamiekim828/Udacity/frontend_Nanodegree/projects/travel-app/src/client/js/app.js": {"path":"/Users/jamiekim828/Udacity/frontend_Nanodegree/projects/travel-app/src/client/js/app.js","statementMap":{"0":{"start":{"line":6,"column":0},"end":{"line":9,"column":3}},"1":{"start":{"line":7,"column":19},"end":{"line":7,"column":56}},"2":{"start":{"line":8,"column":2},"end":{"line":8,"column":54}},"3":{"start":{"line":12,"column":17},"end":{"line":12,"column":61}},"4":{"start":{"line":14,"column":2},"end":{"line":30,"column":3}},"5":{"start":{"line":15,"column":4},"end":{"line":29,"column":8}},"6":{"start":{"line":17,"column":8},"end":{"line":17,"column":34}},"7":{"start":{"line":18,"column":30},"end":{"line":18,"column":42}},"8":{"start":{"line":19,"column":8},"end":{"line":19,"column":35}},"9":{"start":{"line":21,"column":8},"end":{"line":23,"column":11}},"10":{"start":{"line":27,"column":10},"end":{"line":27,"column":21}},"11":{"start":{"line":34,"column":23},"end":{"line":34,"column":62}},"12":{"start":{"line":35,"column":19},"end":{"line":35,"column":52}},"13":{"start":{"line":37,"column":20},"end":{"line":49,"column":1}},"14":{"start":{"line":38,"column":16},"end":{"line":38,"column":60}},"15":{"start":{"line":40,"column":14},"end":{"line":40,"column":73}},"16":{"start":{"line":41,"column":2},"end":{"line":48,"column":3}},"17":{"start":{"line":42,"column":21},"end":{"line":42,"column":37}},"18":{"start":{"line":43,"column":21},"end":{"line":43,"column":38}},"19":{"start":{"line":44,"column":4},"end":{"line":44,"column":38}},"20":{"start":{"line":45,"column":4},"end":{"line":45,"column":20}},"21":{"start":{"line":47,"column":4},"end":{"line":47,"column":32}},"22":{"start":{"line":52,"column":17},"end":{"line":70,"column":1}},"23":{"start":{"line":53,"column":14},"end":{"line":53,"column":58}},"24":{"start":{"line":54,"column":2},"end":{"line":54,"column":39}},"25":{"start":{"line":55,"column":14},"end":{"line":62,"column":4}},"26":{"start":{"line":63,"column":2},"end":{"line":69,"column":3}},"27":{"start":{"line":64,"column":19},"end":{"line":64,"column":35}},"28":{"start":{"line":65,"column":4},"end":{"line":65,"column":39}},"29":{"start":{"line":66,"column":4},"end":{"line":66,"column":18}},"30":{"start":{"line":68,"column":4},"end":{"line":68,"column":32}},"31":{"start":{"line":73,"column":18},"end":{"line":87,"column":1}},"32":{"start":{"line":74,"column":14},"end":{"line":74,"column":61}},"33":{"start":{"line":75,"column":14},"end":{"line":75,"column":58}},"34":{"start":{"line":76,"column":2},"end":{"line":86,"column":3}},"35":{"start":{"line":77,"column":4},"end":{"line":77,"column":26}},"36":{"start":{"line":78,"column":4},"end":{"line":78,"column":26}},"37":{"start":{"line":79,"column":4},"end":{"line":83,"column":6}},"38":{"start":{"line":84,"column":9},"end":{"line":86,"column":3}},"39":{"start":{"line":85,"column":4},"end":{"line":85,"column":44}},"40":{"start":{"line":90,"column":17},"end":{"line":144,"column":1}},"41":{"start":{"line":91,"column":20},"end":{"line":91,"column":59}},"42":{"start":{"line":92,"column":20},"end":{"line":92,"column":64}},"43":{"start":{"line":94,"column":14},"end":{"line":97,"column":4}},"44":{"start":{"line":98,"column":2},"end":{"line":143,"column":3}},"45":{"start":{"line":99,"column":17},"end":{"line":99,"column":33}},"46":{"start":{"line":100,"column":4},"end":{"line":100,"column":30}},"47":{"start":{"line":102,"column":19},"end":{"line":102,"column":35}},"48":{"start":{"line":103,"column":18},"end":{"line":103,"column":33}},"49":{"start":{"line":104,"column":22},"end":{"line":104,"column":41}},"50":{"start":{"line":105,"column":22},"end":{"line":105,"column":41}},"51":{"start":{"line":106,"column":20},"end":{"line":106,"column":67}},"52":{"start":{"line":107,"column":20},"end":{"line":107,"column":64}},"53":{"start":{"line":109,"column":19},"end":{"line":109,"column":50}},"54":{"start":{"line":110,"column":4},"end":{"line":110,"column":38}},"55":{"start":{"line":112,"column":21},"end":{"line":112,"column":54}},"56":{"start":{"line":113,"column":16},"end":{"line":113,"column":26}},"57":{"start":{"line":115,"column":6},"end":{"line":119,"column":21}},"58":{"start":{"line":120,"column":15},"end":{"line":120,"column":41}},"59":{"start":{"line":122,"column":4},"end":{"line":124,"column":65}},"60":{"start":{"line":125,"column":4},"end":{"line":127,"column":80}},"61":{"start":{"line":128,"column":4},"end":{"line":130,"column":147}},"62":{"start":{"line":131,"column":4},"end":{"line":133,"column":63}},"63":{"start":{"line":134,"column":4},"end":{"line":136,"column":71}},"64":{"start":{"line":137,"column":4},"end":{"line":137,"column":80}},"65":{"start":{"line":138,"column":4},"end":{"line":140,"column":143}},"66":{"start":{"line":142,"column":4},"end":{"line":142,"column":32}},"67":{"start":{"line":148,"column":13},"end":{"line":148,"column":44}},"68":{"start":{"line":149,"column":0},"end":{"line":159,"column":1}},"69":{"start":{"line":150,"column":19},"end":{"line":150,"column":52}},"70":{"start":{"line":152,"column":2},"end":{"line":158,"column":3}},"71":{"start":{"line":153,"column":15},"end":{"line":153,"column":45}},"72":{"start":{"line":154,"column":14},"end":{"line":154,"column":47}},"73":{"start":{"line":155,"column":4},"end":{"line":155,"column":29}},"74":{"start":{"line":156,"column":4},"end":{"line":156,"column":26}},"75":{"start":{"line":157,"column":4},"end":{"line":157,"column":36}},"76":{"start":{"line":162,"column":12},"end":{"line":162,"column":52}},"77":{"start":{"line":164,"column":0},"end":{"line":169,"column":1}},"78":{"start":{"line":165,"column":2},"end":{"line":168,"column":4}},"79":{"start":{"line":166,"column":14},"end":{"line":166,"column":32}},"80":{"start":{"line":167,"column":4},"end":{"line":167,"column":31}},"81":{"start":{"line":172,"column":11},"end":{"line":172,"column":42}},"82":{"start":{"line":173,"column":0},"end":{"line":183,"column":1}},"83":{"start":{"line":174,"column":2},"end":{"line":182,"column":4}},"84":{"start":{"line":177,"column":6},"end":{"line":179,"column":7}},"85":{"start":{"line":178,"column":8},"end":{"line":178,"column":45}},"86":{"start":{"line":187,"column":11},"end":{"line":187,"column":39}},"87":{"start":{"line":188,"column":19},"end":{"line":188,"column":59}},"88":{"start":{"line":189,"column":10},"end":{"line":189,"column":45}},"89":{"start":{"line":190,"column":2},"end":{"line":190,"column":20}},"90":{"start":{"line":191,"column":2},"end":{"line":195,"column":3}},"91":{"start":{"line":192,"column":4},"end":{"line":192,"column":39}},"92":{"start":{"line":194,"column":4},"end":{"line":194,"column":52}},"93":{"start":{"line":196,"column":2},"end":{"line":196,"column":48}},"94":{"start":{"line":198,"column":13},"end":{"line":198,"column":43}},"95":{"start":{"line":199,"column":12},"end":{"line":199,"column":45}},"96":{"start":{"line":200,"column":2},"end":{"line":200,"column":27}},"97":{"start":{"line":201,"column":2},"end":{"line":201,"column":24}},"98":{"start":{"line":202,"column":2},"end":{"line":202,"column":23}},"99":{"start":{"line":204,"column":2},"end":{"line":209,"column":3}},"100":{"start":{"line":205,"column":4},"end":{"line":208,"column":6}},"101":{"start":{"line":206,"column":16},"end":{"line":206,"column":34}},"102":{"start":{"line":207,"column":6},"end":{"line":207,"column":33}},"103":{"start":{"line":213,"column":0},"end":{"line":216,"column":3}},"104":{"start":{"line":214,"column":21},"end":{"line":214,"column":55}},"105":{"start":{"line":215,"column":2},"end":{"line":215,"column":53}},"106":{"start":{"line":219,"column":18},"end":{"line":286,"column":1}},"107":{"start":{"line":220,"column":14},"end":{"line":223,"column":4}},"108":{"start":{"line":224,"column":2},"end":{"line":285,"column":3}},"109":{"start":{"line":225,"column":20},"end":{"line":225,"column":36}},"110":{"start":{"line":227,"column":4},"end":{"line":227,"column":43}},"111":{"start":{"line":229,"column":4},"end":{"line":282,"column":5}},"112":{"start":{"line":229,"column":17},"end":{"line":229,"column":18}},"113":{"start":{"line":230,"column":17},"end":{"line":230,"column":46}},"114":{"start":{"line":232,"column":23},"end":{"line":232,"column":50}},"115":{"start":{"line":233,"column":22},"end":{"line":233,"column":50}},"116":{"start":{"line":234,"column":6},"end":{"line":234,"column":40}},"117":{"start":{"line":235,"column":6},"end":{"line":235,"column":40}},"118":{"start":{"line":236,"column":6},"end":{"line":236,"column":78}},"119":{"start":{"line":238,"column":24},"end":{"line":238,"column":52}},"120":{"start":{"line":239,"column":6},"end":{"line":239,"column":38}},"121":{"start":{"line":240,"column":6},"end":{"line":240,"column":122}},"122":{"start":{"line":242,"column":17},"end":{"line":242,"column":44}},"123":{"start":{"line":243,"column":6},"end":{"line":243,"column":22}},"124":{"start":{"line":244,"column":16},"end":{"line":244,"column":45}},"125":{"start":{"line":245,"column":6},"end":{"line":245,"column":28}},"126":{"start":{"line":246,"column":6},"end":{"line":246,"column":30}},"127":{"start":{"line":247,"column":6},"end":{"line":247,"column":41}},"128":{"start":{"line":249,"column":16},"end":{"line":249,"column":48}},"129":{"start":{"line":250,"column":6},"end":{"line":250,"column":33}},"130":{"start":{"line":251,"column":6},"end":{"line":251,"column":31}},"131":{"start":{"line":253,"column":6},"end":{"line":253,"column":35}},"132":{"start":{"line":254,"column":6},"end":{"line":254,"column":36}},"133":{"start":{"line":255,"column":6},"end":{"line":255,"column":29}},"134":{"start":{"line":256,"column":6},"end":{"line":256,"column":28}},"135":{"start":{"line":258,"column":6},"end":{"line":258,"column":61}},"136":{"start":{"line":259,"column":6},"end":{"line":281,"column":11}},"137":{"start":{"line":262,"column":10},"end":{"line":262,"column":34}},"138":{"start":{"line":263,"column":25},"end":{"line":267,"column":12}},"139":{"start":{"line":268,"column":26},"end":{"line":268,"column":45}},"140":{"start":{"line":270,"column":10},"end":{"line":270,"column":42}},"141":{"start":{"line":272,"column":25},"end":{"line":275,"column":12}},"142":{"start":{"line":277,"column":28},"end":{"line":277,"column":44}},"143":{"start":{"line":279,"column":10},"end":{"line":279,"column":40}},"144":{"start":{"line":280,"column":10},"end":{"line":280,"column":27}},"145":{"start":{"line":284,"column":4},"end":{"line":284,"column":32}},"146":{"start":{"line":288,"column":0},"end":{"line":291,"column":3}},"147":{"start":{"line":289,"column":22},"end":{"line":289,"column":58}},"148":{"start":{"line":290,"column":2},"end":{"line":290,"column":53}},"149":{"start":{"line":294,"column":2},"end":{"line":294,"column":15}}},"fnMap":{"0":{"name":"(anonymous_0)","decl":{"start":{"line":6,"column":46},"end":{"line":6,"column":47}},"loc":{"start":{"line":6,"column":57},"end":{"line":9,"column":1}},"line":6},"1":{"name":"performAction","decl":{"start":{"line":11,"column":9},"end":{"line":11,"column":22}},"loc":{"start":{"line":11,"column":26},"end":{"line":31,"column":1}},"line":11},"2":{"name":"(anonymous_2)","decl":{"start":{"line":16,"column":12},"end":{"line":16,"column":13}},"loc":{"start":{"line":16,"column":20},"end":{"line":24,"column":7}},"line":16},"3":{"name":"(anonymous_3)","decl":{"start":{"line":26,"column":19},"end":{"line":26,"column":20}},"loc":{"start":{"line":26,"column":30},"end":{"line":28,"column":9}},"line":26},"4":{"name":"(anonymous_4)","decl":{"start":{"line":37,"column":20},"end":{"line":37,"column":21}},"loc":{"start":{"line":37,"column":32},"end":{"line":49,"column":1}},"line":37},"5":{"name":"(anonymous_5)","decl":{"start":{"line":52,"column":17},"end":{"line":52,"column":18}},"loc":{"start":{"line":52,"column":48},"end":{"line":70,"column":1}},"line":52},"6":{"name":"(anonymous_6)","decl":{"start":{"line":73,"column":18},"end":{"line":73,"column":19}},"loc":{"start":{"line":73,"column":32},"end":{"line":87,"column":1}},"line":73},"7":{"name":"(anonymous_7)","decl":{"start":{"line":90,"column":17},"end":{"line":90,"column":18}},"loc":{"start":{"line":90,"column":29},"end":{"line":144,"column":1}},"line":90},"8":{"name":"(anonymous_8)","decl":{"start":{"line":165,"column":21},"end":{"line":165,"column":22}},"loc":{"start":{"line":165,"column":32},"end":{"line":168,"column":3}},"line":165},"9":{"name":"(anonymous_9)","decl":{"start":{"line":176,"column":4},"end":{"line":176,"column":5}},"loc":{"start":{"line":176,"column":16},"end":{"line":180,"column":5}},"line":176},"10":{"name":"newElement","decl":{"start":{"line":186,"column":9},"end":{"line":186,"column":19}},"loc":{"start":{"line":186,"column":22},"end":{"line":210,"column":1}},"line":186},"11":{"name":"(anonymous_11)","decl":{"start":{"line":205,"column":23},"end":{"line":205,"column":24}},"loc":{"start":{"line":205,"column":34},"end":{"line":208,"column":5}},"line":205},"12":{"name":"(anonymous_12)","decl":{"start":{"line":213,"column":46},"end":{"line":213,"column":47}},"loc":{"start":{"line":213,"column":57},"end":{"line":216,"column":1}},"line":213},"13":{"name":"(anonymous_13)","decl":{"start":{"line":219,"column":18},"end":{"line":219,"column":19}},"loc":{"start":{"line":219,"column":30},"end":{"line":286,"column":1}},"line":219},"14":{"name":"(anonymous_14)","decl":{"start":{"line":261,"column":35},"end":{"line":261,"column":36}},"loc":{"start":{"line":261,"column":47},"end":{"line":281,"column":9}},"line":261},"15":{"name":"(anonymous_15)","decl":{"start":{"line":288,"column":46},"end":{"line":288,"column":47}},"loc":{"start":{"line":288,"column":57},"end":{"line":291,"column":1}},"line":288},"16":{"name":"sum","decl":{"start":{"line":293,"column":9},"end":{"line":293,"column":12}},"loc":{"start":{"line":293,"column":19},"end":{"line":295,"column":1}},"line":293}},"branchMap":{"0":{"loc":{"start":{"line":14,"column":2},"end":{"line":30,"column":3}},"type":"if","locations":[{"start":{"line":14,"column":2},"end":{"line":30,"column":3}},{"start":{"line":14,"column":2},"end":{"line":30,"column":3}}],"line":14},"1":{"loc":{"start":{"line":52,"column":24},"end":{"line":52,"column":32}},"type":"default-arg","locations":[{"start":{"line":52,"column":30},"end":{"line":52,"column":32}}],"line":52},"2":{"loc":{"start":{"line":52,"column":34},"end":{"line":52,"column":43}},"type":"default-arg","locations":[{"start":{"line":52,"column":41},"end":{"line":52,"column":43}}],"line":52},"3":{"loc":{"start":{"line":76,"column":2},"end":{"line":86,"column":3}},"type":"if","locations":[{"start":{"line":76,"column":2},"end":{"line":86,"column":3}},{"start":{"line":76,"column":2},"end":{"line":86,"column":3}}],"line":76},"4":{"loc":{"start":{"line":76,"column":6},"end":{"line":76,"column":20}},"type":"binary-expr","locations":[{"start":{"line":76,"column":6},"end":{"line":76,"column":11}},{"start":{"line":76,"column":15},"end":{"line":76,"column":20}}],"line":76},"5":{"loc":{"start":{"line":84,"column":9},"end":{"line":86,"column":3}},"type":"if","locations":[{"start":{"line":84,"column":9},"end":{"line":86,"column":3}},{"start":{"line":84,"column":9},"end":{"line":86,"column":3}}],"line":84},"6":{"loc":{"start":{"line":84,"column":13},"end":{"line":84,"column":43}},"type":"binary-expr","locations":[{"start":{"line":84,"column":13},"end":{"line":84,"column":26}},{"start":{"line":84,"column":30},"end":{"line":84,"column":43}}],"line":84},"7":{"loc":{"start":{"line":149,"column":0},"end":{"line":159,"column":1}},"type":"if","locations":[{"start":{"line":149,"column":0},"end":{"line":159,"column":1}},{"start":{"line":149,"column":0},"end":{"line":159,"column":1}}],"line":149},"8":{"loc":{"start":{"line":173,"column":0},"end":{"line":183,"column":1}},"type":"if","locations":[{"start":{"line":173,"column":0},"end":{"line":183,"column":1}},{"start":{"line":173,"column":0},"end":{"line":183,"column":1}}],"line":173},"9":{"loc":{"start":{"line":177,"column":6},"end":{"line":179,"column":7}},"type":"if","locations":[{"start":{"line":177,"column":6},"end":{"line":179,"column":7}},{"start":{"line":177,"column":6},"end":{"line":179,"column":7}}],"line":177},"10":{"loc":{"start":{"line":191,"column":2},"end":{"line":195,"column":3}},"type":"if","locations":[{"start":{"line":191,"column":2},"end":{"line":195,"column":3}},{"start":{"line":191,"column":2},"end":{"line":195,"column":3}}],"line":191}},"s":{"0":1,"1":0,"2":0,"3":0,"4":0,"5":0,"6":0,"7":0,"8":0,"9":0,"10":0,"11":1,"12":1,"13":1,"14":0,"15":0,"16":0,"17":0,"18":0,"19":0,"20":0,"21":0,"22":1,"23":0,"24":0,"25":0,"26":0,"27":0,"28":0,"29":0,"30":0,"31":1,"32":0,"33":0,"34":0,"35":0,"36":0,"37":0,"38":0,"39":0,"40":1,"41":0,"42":0,"43":0,"44":0,"45":0,"46":0,"47":0,"48":0,"49":0,"50":0,"51":0,"52":0,"53":0,"54":0,"55":0,"56":0,"57":0,"58":0,"59":0,"60":0,"61":0,"62":0,"63":0,"64":0,"65":0,"66":0,"67":1,"68":1,"69":0,"70":0,"71":0,"72":0,"73":0,"74":0,"75":0,"76":1,"77":1,"78":0,"79":0,"80":0,"81":1,"82":1,"83":0,"84":0,"85":0,"86":0,"87":0,"88":0,"89":0,"90":0,"91":0,"92":0,"93":0,"94":0,"95":0,"96":0,"97":0,"98":0,"99":0,"100":0,"101":0,"102":0,"103":1,"104":0,"105":0,"106":1,"107":0,"108":0,"109":0,"110":0,"111":0,"112":0,"113":0,"114":0,"115":0,"116":0,"117":0,"118":0,"119":0,"120":0,"121":0,"122":0,"123":0,"124":0,"125":0,"126":0,"127":0,"128":0,"129":0,"130":0,"131":0,"132":0,"133":0,"134":0,"135":0,"136":0,"137":0,"138":0,"139":0,"140":0,"141":0,"142":0,"143":0,"144":0,"145":0,"146":1,"147":0,"148":0,"149":1},"f":{"0":0,"1":0,"2":0,"3":0,"4":0,"5":0,"6":0,"7":0,"8":0,"9":0,"10":0,"11":0,"12":0,"13":0,"14":0,"15":0,"16":1},"b":{"0":[0,0],"1":[0],"2":[0],"3":[0,0],"4":[0,0],"5":[0,0],"6":[0,0],"7":[0,1],"8":[0,1],"9":[0,0],"10":[0,0]},"_coverageSchema":"1a1c01bbd47fc00a2c39e90264f33305004495a9","hash":"d9418fe980529d4920aa3a364a40e9ffd7c09303"}
,"/Users/jamiekim828/Udacity/frontend_Nanodegree/projects/travel-app/src/client/js/deleteList.js": {"path":"/Users/jamiekim828/Udacity/frontend_Nanodegree/projects/travel-app/src/client/js/deleteList.js","statementMap":{},"fnMap":{},"branchMap":{},"s":{},"f":{},"b":{},"_coverageSchema":"1a1c01bbd47fc00a2c39e90264f33305004495a9","hash":"6644bff103d92ff77cfa9a6b9883212ad3e8bc93"}
,"/Users/jamiekim828/Udacity/frontend_Nanodegree/projects/travel-app/src/server/testServer.js": {"path":"/Users/jamiekim828/Udacity/frontend_Nanodegree/projects/travel-app/src/server/testServer.js","statementMap":{"0":{"start":{"line":2,"column":16},"end":{"line":2,"column":32}},"1":{"start":{"line":3,"column":2},"end":{"line":3,"column":17}}},"fnMap":{"0":{"name":"testServer","decl":{"start":{"line":1,"column":9},"end":{"line":1,"column":19}},"loc":{"start":{"line":1,"column":22},"end":{"line":4,"column":1}},"line":1}},"branchMap":{},"s":{"0":1,"1":1},"f":{"0":1},"b":{},"_coverageSchema":"1a1c01bbd47fc00a2c39e90264f33305004495a9","hash":"99f6276a899ab7ad580b53a16f32fe4b199d2ac7"}
}
