TN:
SF:src/client/js/app.js
FN:6,(anonymous_0)
FN:11,performAction
FN:16,(anonymous_2)
FN:26,(anonymous_3)
FN:37,(anonymous_4)
FN:52,(anonymous_5)
FN:73,(anonymous_6)
FN:90,(anonymous_7)
FN:165,(anonymous_8)
FN:176,(anonymous_9)
FN:186,newElement
FN:205,(anonymous_11)
FN:213,(anonymous_12)
FN:219,(anonymous_13)
FN:261,(anonymous_14)
FN:288,(anonymous_15)
FN:293,sum
FNF:17
FNH:1
FNDA:0,(anonymous_0)
FNDA:0,performAction
FNDA:0,(anonymous_2)
FNDA:0,(anonymous_3)
FNDA:0,(anonymous_4)
FNDA:0,(anonymous_5)
FNDA:0,(anonymous_6)
FNDA:0,(anonymous_7)
FNDA:0,(anonymous_8)
FNDA:0,(anonymous_9)
FNDA:0,newElement
FNDA:0,(anonymous_11)
FNDA:0,(anonymous_12)
FNDA:0,(anonymous_13)
FNDA:0,(anonymous_14)
FNDA:0,(anonymous_15)
FNDA:1,sum
DA:6,1
DA:7,0
DA:8,0
DA:12,0
DA:14,0
DA:15,0
DA:17,0
DA:18,0
DA:19,0
DA:21,0
DA:27,0
DA:34,1
DA:35,1
DA:37,1
DA:38,0
DA:40,0
DA:41,0
DA:42,0
DA:43,0
DA:44,0
DA:45,0
DA:47,0
DA:52,1
DA:53,0
DA:54,0
DA:55,0
DA:63,0
DA:64,0
DA:65,0
DA:66,0
DA:68,0
DA:73,1
DA:74,0
DA:75,0
DA:76,0
DA:77,0
DA:78,0
DA:79,0
DA:84,0
DA:85,0
DA:90,1
DA:91,0
DA:92,0
DA:94,0
DA:98,0
DA:99,0
DA:100,0
DA:102,0
DA:103,0
DA:104,0
DA:105,0
DA:106,0
DA:107,0
DA:109,0
DA:110,0
DA:112,0
DA:113,0
DA:115,0
DA:120,0
DA:122,0
DA:125,0
DA:128,0
DA:131,0
DA:134,0
DA:137,0
DA:138,0
DA:142,0
DA:148,1
DA:149,1
DA:150,0
DA:152,0
DA:153,0
DA:154,0
DA:155,0
DA:156,0
DA:157,0
DA:162,1
DA:164,1
DA:165,0
DA:166,0
DA:167,0
DA:172,1
DA:173,1
DA:174,0
DA:177,0
DA:178,0
DA:187,0
DA:188,0
DA:189,0
DA:190,0
DA:191,0
DA:192,0
DA:194,0
DA:196,0
DA:198,0
DA:199,0
DA:200,0
DA:201,0
DA:202,0
DA:204,0
DA:205,0
DA:206,0
DA:207,0
DA:213,1
DA:214,0
DA:215,0
DA:219,1
DA:220,0
DA:224,0
DA:225,0
DA:227,0
DA:229,0
DA:230,0
DA:232,0
DA:233,0
DA:234,0
DA:235,0
DA:236,0
DA:238,0
DA:239,0
DA:240,0
DA:242,0
DA:243,0
DA:244,0
DA:245,0
DA:246,0
DA:247,0
DA:249,0
DA:250,0
DA:251,0
DA:253,0
DA:254,0
DA:255,0
DA:256,0
DA:258,0
DA:259,0
DA:262,0
DA:263,0
DA:268,0
DA:270,0
DA:272,0
DA:277,0
DA:279,0
DA:280,0
DA:284,0
DA:288,1
DA:289,0
DA:290,0
DA:294,1
LF:149
LH:17
BRDA:14,0,0,0
BRDA:14,0,1,0
BRDA:52,1,0,0
BRDA:52,2,0,0
BRDA:76,3,0,0
BRDA:76,3,1,0
BRDA:76,4,0,0
BRDA:76,4,1,0
BRDA:84,5,0,0
BRDA:84,5,1,0
BRDA:84,6,0,0
BRDA:84,6,1,0
BRDA:149,7,0,0
BRDA:149,7,1,1
BRDA:173,8,0,0
BRDA:173,8,1,1
BRDA:177,9,0,0
BRDA:177,9,1,0
BRDA:191,10,0,0
BRDA:191,10,1,0
BRF:20
BRH:2
end_of_record
TN:
SF:src/client/js/deleteList.js
FNF:0
FNH:0
LF:0
LH:0
BRF:0
BRH:0
end_of_record
TN:
SF:src/server/testServer.js
FN:1,testServer
FNF:1
FNH:1
FNDA:1,testServer
DA:2,1
DA:3,1
LF:2
LH:2
BRF:0
BRH:0
end_of_record
